  Animation.cpp
  Animations.cpp
  Brick.cpp
  Coin.cpp
  Collision.cpp
  debug.cpp
  Game.cpp
  GameObject.cpp
  Goomba.cpp
  main.cpp
  Mario.cpp
  Platform.cpp
  PlayScene.cpp
D:\NMPT_GAME_SE102.P21\My_Mario_Game_SE102.P21\My_Mario_Game\05-SceneManager\PlayScene.cpp(80,20): warning C4018: '<': signed/unsigned mismatch
D:\NMPT_GAME_SE102.P21\My_Mario_Game_SE102.P21\My_Mario_Game\05-SceneManager\PlayScene.cpp(270,20): warning C4018: '<': signed/unsigned mismatch
D:\NMPT_GAME_SE102.P21\My_Mario_Game_SE102.P21\My_Mario_Game\05-SceneManager\PlayScene.cpp(295,20): warning C4018: '<': signed/unsigned mismatch
  Portal.cpp
  SampleKeyEventHandler.cpp
  Sprite.cpp
  Sprites.cpp
  Textures.cpp
  Utils.cpp
  Generating Code...
  LINK : D:\NMPT_GAME_SE102.P21\My_Mario_Game_SE102.P21\My_Mario_Game\Debug\05-SceneManager.exe not found or not built by the last incremental link; performing full link
  05-SceneManager.vcxproj -> D:\NMPT_GAME_SE102.P21\My_Mario_Game_SE102.P21\My_Mario_Game\Debug\05-SceneManager.exe
